Warning: your license expires in 10 days!
MODE Solutions Version 7.13.1906 (Windows 64bit)
 expires (month/day/year): 5/2/2019
using config file: C:/Users/GMan/AppData/Roaming/Lumerical/MODE Solutions.ini
license host: DESKTOP-S7AHS19
current time: Mon Apr 22 11:09:25 2019
Running on host: DESKTOP-S7AHS19
All processes are communicating and ready to proceed to simulation...
Running lms file: C:\Program Files\Lumerical\MODE\bin\varfdtd-engine-msmpi.exe -t 1 -remote C:/Users/GMan/Documents/Lumerical files/MODE solution/MMI2/2inputsMMI6.5/2inputsMMI6.5.lms
number of processors is 4
processors are distributed as: 4x1x1
Running TE Simulation
Starting meshing
Simulation size in gridpoints: 418 x 139 x 1
Refined 0 mesh cells (0%)
Completed meshing!
Meshing complete in 1.82813 seconds of CPU time
0 0
Starting meshing
Simulation size in gridpoints: 418 x 139 x 1
Refined 0 mesh cells (0%)
Completed meshing!
Meshing complete in 1.09375 seconds of CPU time
0 0
finished material properties
Selected kernel with optimization level: 0 and split-field propagation direction: 0
-----------------------------------------
Beginning initialization of TE Simulation
Starting to add sources to simulation
Adding TE Mode Source propagating in X
Starting to add boundary conditions to simulation
Adding TE PML BC
Adding TE parallel BC
Adding TE PML BC
Adding TE PML BC
Starting to add monitors to Simulation
Adding analysis monitor
Adding TE DFT monitor
Adding TE DFT monitor
Adding TE DFT monitor
Adding TE DFT monitor
Adding TE movie monitor
Finished initialization of TE Simulation
-----------------------------------------
All processes are communicating and ready to proceed to simulation...
Starting 7168 total iterations
1% complete. Max time remaining: 1 min, 35 secs. Auto Shutoff: 1
2% complete. Max time remaining: 1 min, 37 secs. Auto Shutoff: 1
3% complete. Max time remaining: 1 min, 29 secs. Auto Shutoff: 1
5% complete. Max time remaining: 1 min, 21 secs. Auto Shutoff: 1
7% complete. Max time remaining: 1 min, 15 secs. Auto Shutoff: 1
9% complete. Max time remaining: 1 min, 9 secs. Auto Shutoff: 1
10% complete. Max time remaining: 1 min, 4 secs. Auto Shutoff: 1
14% complete. Max time remaining: 56 secs. Auto Shutoff: 1
18% complete. Max time remaining: 50 secs. Auto Shutoff: 1
21% complete. Max time remaining: 45 secs. Auto Shutoff: 0.999821
25% complete. Max time remaining: 41 secs. Auto Shutoff: 0.99979
28% complete. Max time remaining: 38 secs. Auto Shutoff: 0.999855
32% complete. Max time remaining: 35 secs. Auto Shutoff: 0.999754
35% complete. Max time remaining: 32 secs. Auto Shutoff: 0.999892
39% complete. Max time remaining: 30 secs. Auto Shutoff: 1.0155
43% complete. Max time remaining: 28 secs. Auto Shutoff: 1.00855
46% complete. Max time remaining: 26 secs. Auto Shutoff: 0.999776
50% complete. Max time remaining: 24 secs. Auto Shutoff: 0.99975
53% complete. Max time remaining: 22 secs. Auto Shutoff: 0.999743
57% complete. Max time remaining: 20 secs. Auto Shutoff: 0.999738
60% complete. Max time remaining: 18 secs. Auto Shutoff: 0.999732
64% complete. Max time remaining: 17 secs. Auto Shutoff: 0.999746
68% complete. Max time remaining: 15 secs. Auto Shutoff: 1.0005
71% complete. Max time remaining: 13 secs. Auto Shutoff: 1.00818
75% complete. Max time remaining: 11 secs. Auto Shutoff: 1.00153
78% complete. Max time remaining: 10 secs. Auto Shutoff: 0.999736
82% complete. Max time remaining: 8 secs. Auto Shutoff: 0.999737
85% complete. Max time remaining: 7 secs. Auto Shutoff: 0.999753
89% complete. Max time remaining: 5 secs. Auto Shutoff: 0.999735
93% complete. Max time remaining: 3 secs. Auto Shutoff: 0.999731
96% complete. Max time remaining: 2 secs. Auto Shutoff: 0.999847
98% complete. Max time remaining: 1 secs. Auto Shutoff: 1.01253
100% complete. Max time remaining: 0 secs. Auto Shutoff: 1.00863
100% complete. Max time remaining: 0 secs. Auto Shutoff: 1.00863
Completed 7168 iterations, or 9.99975e-013s of Simulation Time
Process 0 starting to collect data
    collecting monitor data
    collecting source data
Finished collecting data
Simulation completed successfully at: Mon Apr 22 11:10:17 2019
Overall wall time measurements in seconds:
    time to mesh and initialize: 4
    time to run FDTD simulation: 47
    time to finalize data and save to files: 1
    FDTD solver speed: 8.86117 Mnodes/s
    total FDTD solver speed on 4 processes: 35.4447 Mnodes/s
